============================================
EXPERIMENT E Orfoz P3/3 — ResNet50 ALL THREADS
Job ID    : 5420295
Node      : orfoz325
CPUs      : 112
Start     : Mon Mar 23 08:24:41 PM +03 2026
============================================

Environment verification:
/arf/sw/apps/truba-ai/gpu/miniforge3-2024/envs/gpu-2024.0/bin/python
PyTorch: 2.1.0.post301, CUDA: False
Model name:                      Intel(R) Xeon(R) Platinum 8480+
Thread(s) per core:              1
Core(s) per socket:              56
Socket(s):                       2
NUMA node(s):                    8
NUMA node0 CPU(s):               0-13
NUMA node1 CPU(s):               14-27
NUMA node2 CPU(s):               28-41
NUMA node3 CPU(s):               42-55
NUMA node4 CPU(s):               56-69
NUMA node5 CPU(s):               70-83
NUMA node6 CPU(s):               84-97
NUMA node7 CPU(s):               98-111
Models  : resnet50
Threads : 1,2,4,7,14,28,56,112

Experiment E started at: 2026-03-23T20:25:24.136572
Output directory: /arf/scratch/oeyecioglu/CUDA_CNN/experiment_e/ExpE_run_20260323_202524
Log file: /arf/scratch/oeyecioglu/CUDA_CNN/experiment_e/experiment_e_20260323_202524.log

Device: CPU only (CUDA_VISIBLE_DEVICES disabled)
======================================================================
SYSTEM SPECIFICATIONS
======================================================================
Hostname        : orfoz325
Platform        : Linux-5.14.0-284.30.1.el9_2.x86_64-x86_64-with-glibc2.34
CPU             : x86_64
CPU cores       : 112
RAM             : 251.1 GB
CPU model       : Intel(R) Xeon(R) Platinum 8480+
  Core(s) per socket:              56
  Socket(s):                       2
  L1d cache:                       5.3 MiB (112 instances)
  L1i cache:                       3.5 MiB (112 instances)
  L2 cache:                        224 MiB (112 instances)
  L3 cache:                        210 MiB (2 instances)
  NUMA node(s):                    8
  NUMA node0 CPU(s):               0-13
  NUMA node1 CPU(s):               14-27
  NUMA node2 CPU(s):               28-41
  NUMA node3 CPU(s):               42-55
  NUMA node4 CPU(s):               56-69
  NUMA node5 CPU(s):               70-83
  NUMA node6 CPU(s):               84-97
  NUMA node7 CPU(s):               98-111
PyTorch version : 2.1.0.post301
CUDA available  : False
MKL available   : True
OpenMP available: True
======================================================================

Hyperparameters:
  num_classes: 3
  class_names: ['all_snow', 'no_snow', 'partial']
  image_size: 192
  batch_size: 32
  num_epochs: 15
  learning_rate: 0.0001
  weight_decay: 0.0001
  train_ratio: 0.7
  val_ratio: 0.15
  test_ratio: 0.15
  seed: 42
  thread_counts: [1, 2, 4, 7, 14, 28, 56, 112]
  models: ['resnet50']

======================================================================
MODEL: resnet50 | THREADS: 1
======================================================================
  torch.num_threads   : 1
  OMP_NUM_THREADS     : 1
  DataLoader workers  : 0
  Dataset split : Train=2098, Val=449, Test=453
  Class weights : [0.6344494819641113, 0.23445101082324982, 2.1310994625091553]
  Num workers   : 0
  Epoch   1/15 | TrLoss: 0.3219 TrAcc: 0.9509 | VaLoss: 0.0271 VaAcc: 0.9933 | 893.86s (2.3 img/s)
  Epoch   2/15 | TrLoss: 0.0099 TrAcc: 0.9986 | VaLoss: 0.0049 VaAcc: 1.0000 | 889.10s (2.4 img/s)
  Epoch   3/15 | TrLoss: 0.0033 TrAcc: 1.0000 | VaLoss: 0.0020 VaAcc: 1.0000 | 888.73s (2.4 img/s)
  Epoch   4/15 | TrLoss: 0.0032 TrAcc: 0.9995 | VaLoss: 0.0078 VaAcc: 0.9955 | 888.02s (2.4 img/s)
  Epoch   5/15 | TrLoss: 0.0080 TrAcc: 0.9967 | VaLoss: 0.0008 VaAcc: 1.0000 | 889.57s (2.4 img/s)
  Epoch   6/15 | TrLoss: 0.0033 TrAcc: 0.9986 | VaLoss: 0.0177 VaAcc: 0.9978 | 888.14s (2.4 img/s)
  Epoch   7/15 | TrLoss: 0.0044 TrAcc: 0.9990 | VaLoss: 0.0035 VaAcc: 0.9978 | 888.64s (2.4 img/s)
  Epoch   8/15 | TrLoss: 0.0015 TrAcc: 0.9995 | VaLoss: 0.0002 VaAcc: 1.0000 | 889.28s (2.4 img/s)
  Epoch   9/15 | TrLoss: 0.0006 TrAcc: 1.0000 | VaLoss: 0.0001 VaAcc: 1.0000 | 891.23s (2.4 img/s)
  Epoch  10/15 | TrLoss: 0.0003 TrAcc: 1.0000 | VaLoss: 0.0001 VaAcc: 1.0000 | 893.65s (2.3 img/s)
  Epoch  11/15 | TrLoss: 0.0023 TrAcc: 0.9995 | VaLoss: 0.0004 VaAcc: 1.0000 | 893.88s (2.3 img/s)
  Epoch  12/15 | TrLoss: 0.0003 TrAcc: 1.0000 | VaLoss: 0.0002 VaAcc: 1.0000 | 899.52s (2.3 img/s)
  Epoch  13/15 | TrLoss: 0.0003 TrAcc: 1.0000 | VaLoss: 0.0002 VaAcc: 1.0000 | 903.84s (2.3 img/s)
  Epoch  14/15 | TrLoss: 0.0003 TrAcc: 1.0000 | VaLoss: 0.0001 VaAcc: 1.0000 | 906.70s (2.3 img/s)
  Epoch  15/15 | TrLoss: 0.0002 TrAcc: 1.0000 | VaLoss: 0.0001 VaAcc: 1.0000 | 908.81s (2.3 img/s)

  TEST: Acc=1.0000 F1=1.0000 Prec=1.0000 Rec=1.0000 AUC=1.0000
  Confusion Matrix: [[113, 0, 0], [0, 305, 0], [0, 0, 35]]
  HPC: Time=13413.11s Throughput=2.35 img/s CPU_Util=0.9%

======================================================================
MODEL: resnet50 | THREADS: 2
======================================================================
  torch.num_threads   : 2
  OMP_NUM_THREADS     : 2
  DataLoader workers  : 0
  Dataset split : Train=2098, Val=449, Test=453
  Class weights : [0.6344494819641113, 0.23445101082324982, 2.1310994625091553]
  Num workers   : 0
  Epoch   1/15 | TrLoss: 0.3168 TrAcc: 0.9514 | VaLoss: 0.0347 VaAcc: 0.9933 | 728.99s (2.9 img/s)
  Epoch   2/15 | TrLoss: 0.0085 TrAcc: 0.9990 | VaLoss: 0.0043 VaAcc: 1.0000 | 728.58s (2.9 img/s)
  Epoch   3/15 | TrLoss: 0.0031 TrAcc: 1.0000 | VaLoss: 0.0018 VaAcc: 1.0000 | 728.34s (2.9 img/s)
  Epoch   4/15 | TrLoss: 0.0016 TrAcc: 1.0000 | VaLoss: 0.0009 VaAcc: 1.0000 | 728.30s (2.9 img/s)
  Epoch   5/15 | TrLoss: 0.0010 TrAcc: 1.0000 | VaLoss: 0.0008 VaAcc: 1.0000 | 728.56s (2.9 img/s)
  Epoch   6/15 | TrLoss: 0.0008 TrAcc: 1.0000 | VaLoss: 0.0052 VaAcc: 0.9978 | 778.82s (2.7 img/s)
  Epoch   7/15 | TrLoss: 0.0006 TrAcc: 1.0000 | VaLoss: 0.0003 VaAcc: 1.0000 | 783.16s (2.7 img/s)
  Epoch   8/15 | TrLoss: 0.0004 TrAcc: 1.0000 | VaLoss: 0.0002 VaAcc: 1.0000 | 745.01s (2.8 img/s)
  Epoch   9/15 | TrLoss: 0.0003 TrAcc: 1.0000 | VaLoss: 0.0001 VaAcc: 1.0000 | 731.51s (2.9 img/s)
  Epoch  10/15 | TrLoss: 0.0232 TrAcc: 0.9981 | VaLoss: 0.0070 VaAcc: 1.0000 | 732.02s (2.9 img/s)
  Epoch  11/15 | TrLoss: 0.0040 TrAcc: 1.0000 | VaLoss: 0.0003 VaAcc: 1.0000 | 730.23s (2.9 img/s)
  Epoch  12/15 | TrLoss: 0.0016 TrAcc: 0.9990 | VaLoss: 0.0005 VaAcc: 1.0000 | 733.64s (2.9 img/s)
  Epoch  13/15 | TrLoss: 0.0025 TrAcc: 0.9995 | VaLoss: 0.0012 VaAcc: 1.0000 | 737.78s (2.8 img/s)
  Epoch  14/15 | TrLoss: 0.0009 TrAcc: 1.0000 | VaLoss: 0.0002 VaAcc: 1.0000 | 741.76s (2.8 img/s)
  Epoch  15/15 | TrLoss: 0.0003 TrAcc: 1.0000 | VaLoss: 0.0001 VaAcc: 1.0000 | 744.36s (2.8 img/s)

  TEST: Acc=1.0000 F1=1.0000 Prec=1.0000 Rec=1.0000 AUC=1.0000
  Confusion Matrix: [[113, 0, 0], [0, 305, 0], [0, 0, 35]]
  HPC: Time=11101.24s Throughput=2.83 img/s CPU_Util=1.8%

======================================================================
MODEL: resnet50 | THREADS: 4
======================================================================
  torch.num_threads   : 4
  OMP_NUM_THREADS     : 4
  DataLoader workers  : 0
  Dataset split : Train=2098, Val=449, Test=453
  Class weights : [0.6344494819641113, 0.23445101082324982, 2.1310994625091553]
  Num workers   : 0
  Epoch   1/15 | TrLoss: 0.3166 TrAcc: 0.9519 | VaLoss: 0.0396 VaAcc: 0.9933 | 643.44s (3.3 img/s)
  Epoch   2/15 | TrLoss: 0.0080 TrAcc: 0.9990 | VaLoss: 0.0049 VaAcc: 1.0000 | 664.67s (3.2 img/s)
  Epoch   3/15 | TrLoss: 0.0033 TrAcc: 1.0000 | VaLoss: 0.0023 VaAcc: 1.0000 | 653.03s (3.2 img/s)
  Epoch   4/15 | TrLoss: 0.0074 TrAcc: 0.9990 | VaLoss: 0.0086 VaAcc: 0.9955 | 652.57s (3.2 img/s)
  Epoch   5/15 | TrLoss: 0.0267 TrAcc: 0.9871 | VaLoss: 0.0029 VaAcc: 1.0000 | 652.00s (3.2 img/s)
  Epoch   6/15 | TrLoss: 0.0078 TrAcc: 0.9990 | VaLoss: 0.0095 VaAcc: 0.9955 | 652.53s (3.2 img/s)
  Epoch   7/15 | TrLoss: 0.0012 TrAcc: 0.9995 | VaLoss: 0.0024 VaAcc: 0.9978 | 653.14s (3.2 img/s)
  Epoch   8/15 | TrLoss: 0.0012 TrAcc: 1.0000 | VaLoss: 0.0005 VaAcc: 1.0000 | 653.45s (3.2 img/s)
  Epoch   9/15 | TrLoss: 0.0010 TrAcc: 1.0000 | VaLoss: 0.0003 VaAcc: 1.0000 | 653.53s (3.2 img/s)
  Epoch  10/15 | TrLoss: 0.0005 TrAcc: 1.0000 | VaLoss: 0.0003 VaAcc: 1.0000 | 654.89s (3.2 img/s)
  Epoch  11/15 | TrLoss: 0.0007 TrAcc: 1.0000 | VaLoss: 0.0004 VaAcc: 1.0000 | 652.35s (3.2 img/s)
  Epoch  12/15 | TrLoss: 0.0003 TrAcc: 1.0000 | VaLoss: 0.0002 VaAcc: 1.0000 | 654.14s (3.2 img/s)
  Epoch  13/15 | TrLoss: 0.0003 TrAcc: 1.0000 | VaLoss: 0.0002 VaAcc: 1.0000 | 663.47s (3.2 img/s)
  Epoch  14/15 | TrLoss: 0.0002 TrAcc: 1.0000 | VaLoss: 0.0001 VaAcc: 1.0000 | 656.75s (3.2 img/s)
  Epoch  15/15 | TrLoss: 0.0002 TrAcc: 1.0000 | VaLoss: 0.0001 VaAcc: 1.0000 | 658.23s (3.2 img/s)

  TEST: Acc=1.0000 F1=1.0000 Prec=1.0000 Rec=1.0000 AUC=1.0000
  Confusion Matrix: [[113, 0, 0], [0, 305, 0], [0, 0, 35]]
  HPC: Time=9818.30s Throughput=3.21 img/s CPU_Util=3.6%

======================================================================
MODEL: resnet50 | THREADS: 7
======================================================================
  torch.num_threads   : 7
  OMP_NUM_THREADS     : 7
  DataLoader workers  : 0
  Dataset split : Train=2098, Val=449, Test=453
  Class weights : [0.6344494819641113, 0.23445101082324982, 2.1310994625091553]
  Num workers   : 0
  Epoch   1/15 | TrLoss: 0.3234 TrAcc: 0.9514 | VaLoss: 0.0307 VaAcc: 0.9933 | 621.81s (3.4 img/s)
  Epoch   2/15 | TrLoss: 0.0078 TrAcc: 0.9986 | VaLoss: 0.0040 VaAcc: 1.0000 | 614.82s (3.4 img/s)
  Epoch   3/15 | TrLoss: 0.0036 TrAcc: 1.0000 | VaLoss: 0.0020 VaAcc: 1.0000 | 614.47s (3.4 img/s)
  Epoch   4/15 | TrLoss: 0.0073 TrAcc: 0.9981 | VaLoss: 0.0041 VaAcc: 1.0000 | 618.97s (3.4 img/s)
  Epoch   5/15 | TrLoss: 0.0128 TrAcc: 0.9943 | VaLoss: 0.0011 VaAcc: 1.0000 | 616.60s (3.4 img/s)
  Epoch   6/15 | TrLoss: 0.0085 TrAcc: 0.9971 | VaLoss: 0.0128 VaAcc: 0.9978 | 617.74s (3.4 img/s)
  Epoch   7/15 | TrLoss: 0.0164 TrAcc: 0.9976 | VaLoss: 0.0056 VaAcc: 0.9978 | 621.26s (3.4 img/s)
  Epoch   8/15 | TrLoss: 0.0023 TrAcc: 0.9995 | VaLoss: 0.0025 VaAcc: 0.9978 | 613.78s (3.4 img/s)
  Epoch   9/15 | TrLoss: 0.0013 TrAcc: 0.9995 | VaLoss: 0.0014 VaAcc: 1.0000 | 612.86s (3.4 img/s)
  Epoch  10/15 | TrLoss: 0.0006 TrAcc: 1.0000 | VaLoss: 0.0011 VaAcc: 1.0000 | 613.32s (3.4 img/s)
  Epoch  11/15 | TrLoss: 0.0010 TrAcc: 1.0000 | VaLoss: 0.0016 VaAcc: 1.0000 | 625.24s (3.4 img/s)
  Epoch  12/15 | TrLoss: 0.0004 TrAcc: 1.0000 | VaLoss: 0.0010 VaAcc: 1.0000 | 620.33s (3.4 img/s)
  Epoch  13/15 | TrLoss: 0.0006 TrAcc: 0.9995 | VaLoss: 0.0006 VaAcc: 1.0000 | 619.63s (3.4 img/s)
  Epoch  14/15 | TrLoss: 0.0002 TrAcc: 1.0000 | VaLoss: 0.0005 VaAcc: 1.0000 | 623.73s (3.4 img/s)
  Epoch  15/15 | TrLoss: 0.0004 TrAcc: 1.0000 | VaLoss: 0.0003 VaAcc: 1.0000 | 625.86s (3.4 img/s)

  TEST: Acc=1.0000 F1=1.0000 Prec=1.0000 Rec=1.0000 AUC=1.0000
  Confusion Matrix: [[113, 0, 0], [0, 305, 0], [0, 0, 35]]
  HPC: Time=9280.51s Throughput=3.39 img/s CPU_Util=6.2%

======================================================================
MODEL: resnet50 | THREADS: 14
======================================================================
  torch.num_threads   : 14
  OMP_NUM_THREADS     : 14
  DataLoader workers  : 0
  Dataset split : Train=2098, Val=449, Test=453
  Class weights : [0.6344494819641113, 0.23445101082324982, 2.1310994625091553]
  Num workers   : 0
  Epoch   1/15 | TrLoss: 0.3185 TrAcc: 0.9509 | VaLoss: 0.0247 VaAcc: 0.9933 | 585.92s (3.6 img/s)
  Epoch   2/15 | TrLoss: 0.0100 TrAcc: 0.9981 | VaLoss: 0.0068 VaAcc: 1.0000 | 582.03s (3.6 img/s)
  Epoch   3/15 | TrLoss: 0.0039 TrAcc: 0.9995 | VaLoss: 0.0014 VaAcc: 1.0000 | 581.34s (3.6 img/s)
  Epoch   4/15 | TrLoss: 0.0058 TrAcc: 0.9990 | VaLoss: 0.0018 VaAcc: 0.9978 | 580.49s (3.6 img/s)
  Epoch   5/15 | TrLoss: 0.0061 TrAcc: 0.9976 | VaLoss: 0.0015 VaAcc: 1.0000 | 580.65s (3.6 img/s)
  Epoch   6/15 | TrLoss: 0.0010 TrAcc: 1.0000 | VaLoss: 0.0007 VaAcc: 1.0000 | 582.58s (3.6 img/s)
  Epoch   7/15 | TrLoss: 0.0007 TrAcc: 1.0000 | VaLoss: 0.0003 VaAcc: 1.0000 | 581.43s (3.6 img/s)
  Epoch   8/15 | TrLoss: 0.0005 TrAcc: 1.0000 | VaLoss: 0.0002 VaAcc: 1.0000 | 581.51s (3.6 img/s)
  Epoch   9/15 | TrLoss: 0.0004 TrAcc: 1.0000 | VaLoss: 0.0001 VaAcc: 1.0000 | 585.51s (3.6 img/s)
  Epoch  10/15 | TrLoss: 0.0009 TrAcc: 0.9995 | VaLoss: 0.0003 VaAcc: 1.0000 | 582.34s (3.6 img/s)
  Epoch  11/15 | TrLoss: 0.0214 TrAcc: 0.9948 | VaLoss: 0.0027 VaAcc: 1.0000 | 587.25s (3.6 img/s)
  Epoch  12/15 | TrLoss: 0.0021 TrAcc: 0.9995 | VaLoss: 0.0005 VaAcc: 1.0000 | 586.18s (3.6 img/s)
  Epoch  13/15 | TrLoss: 0.0009 TrAcc: 0.9995 | VaLoss: 0.0002 VaAcc: 1.0000 | 588.30s (3.6 img/s)
  Epoch  14/15 | TrLoss: 0.0008 TrAcc: 1.0000 | VaLoss: 0.0002 VaAcc: 1.0000 | 588.09s (3.6 img/s)
  Epoch  15/15 | TrLoss: 0.0003 TrAcc: 1.0000 | VaLoss: 0.0001 VaAcc: 1.0000 | 591.16s (3.5 img/s)

  TEST: Acc=1.0000 F1=1.0000 Prec=1.0000 Rec=1.0000 AUC=1.0000
  Confusion Matrix: [[113, 0, 0], [0, 305, 0], [0, 0, 35]]
  HPC: Time=8764.89s Throughput=3.59 img/s CPU_Util=12.4%

======================================================================
MODEL: resnet50 | THREADS: 28
======================================================================
  torch.num_threads   : 28
  OMP_NUM_THREADS     : 28
  DataLoader workers  : 0
  Dataset split : Train=2098, Val=449, Test=453
  Class weights : [0.6344494819641113, 0.23445101082324982, 2.1310994625091553]
  Num workers   : 0
  Epoch   1/15 | TrLoss: 0.3218 TrAcc: 0.9500 | VaLoss: 0.0286 VaAcc: 0.9933 | 576.38s (3.6 img/s)
  Epoch   2/15 | TrLoss: 0.0129 TrAcc: 0.9986 | VaLoss: 0.0083 VaAcc: 1.0000 | 569.94s (3.7 img/s)
  Epoch   3/15 | TrLoss: 0.0042 TrAcc: 0.9995 | VaLoss: 0.0016 VaAcc: 1.0000 | 567.73s (3.7 img/s)
  Epoch   4/15 | TrLoss: 0.0015 TrAcc: 1.0000 | VaLoss: 0.0008 VaAcc: 1.0000 | 568.59s (3.7 img/s)
  Epoch   5/15 | TrLoss: 0.0011 TrAcc: 1.0000 | VaLoss: 0.0008 VaAcc: 1.0000 | 568.16s (3.7 img/s)
  Epoch   6/15 | TrLoss: 0.0022 TrAcc: 1.0000 | VaLoss: 0.0057 VaAcc: 0.9978 | 567.54s (3.7 img/s)
  Epoch   7/15 | TrLoss: 0.0013 TrAcc: 1.0000 | VaLoss: 0.0005 VaAcc: 1.0000 | 572.41s (3.7 img/s)
  Epoch   8/15 | TrLoss: 0.0005 TrAcc: 1.0000 | VaLoss: 0.0002 VaAcc: 1.0000 | 573.67s (3.7 img/s)
  Epoch   9/15 | TrLoss: 0.0004 TrAcc: 1.0000 | VaLoss: 0.0002 VaAcc: 1.0000 | 570.64s (3.7 img/s)
  Epoch  10/15 | TrLoss: 0.0004 TrAcc: 1.0000 | VaLoss: 0.0002 VaAcc: 1.0000 | 571.62s (3.7 img/s)
  Epoch  11/15 | TrLoss: 0.0256 TrAcc: 0.9900 | VaLoss: 0.0315 VaAcc: 0.9800 | 572.63s (3.7 img/s)
  Epoch  12/15 | TrLoss: 0.0197 TrAcc: 0.9914 | VaLoss: 0.0019 VaAcc: 1.0000 | 572.76s (3.7 img/s)
  Epoch  13/15 | TrLoss: 0.0017 TrAcc: 0.9995 | VaLoss: 0.0004 VaAcc: 1.0000 | 574.28s (3.7 img/s)
  Epoch  14/15 | TrLoss: 0.0039 TrAcc: 0.9990 | VaLoss: 0.0067 VaAcc: 0.9978 | 581.61s (3.6 img/s)
  Epoch  15/15 | TrLoss: 0.0006 TrAcc: 1.0000 | VaLoss: 0.0038 VaAcc: 0.9978 | 581.18s (3.6 img/s)

  TEST: Acc=1.0000 F1=1.0000 Prec=1.0000 Rec=1.0000 AUC=1.0000
  Confusion Matrix: [[113, 0, 0], [0, 305, 0], [0, 0, 35]]
  HPC: Time=8589.22s Throughput=3.66 img/s CPU_Util=24.7%

======================================================================
MODEL: resnet50 | THREADS: 56
======================================================================
  torch.num_threads   : 56
  OMP_NUM_THREADS     : 56
  DataLoader workers  : 0
  Dataset split : Train=2098, Val=449, Test=453
  Class weights : [0.6344494819641113, 0.23445101082324982, 2.1310994625091553]
  Num workers   : 0
  Epoch   1/15 | TrLoss: 0.3150 TrAcc: 0.9519 | VaLoss: 0.0343 VaAcc: 0.9933 | 579.89s (3.6 img/s)
  Epoch   2/15 | TrLoss: 0.0075 TrAcc: 0.9990 | VaLoss: 0.0053 VaAcc: 1.0000 | 570.39s (3.7 img/s)
  Epoch   3/15 | TrLoss: 0.0032 TrAcc: 1.0000 | VaLoss: 0.0059 VaAcc: 0.9978 | 576.94s (3.6 img/s)
  Epoch   4/15 | TrLoss: 0.0013 TrAcc: 1.0000 | VaLoss: 0.0043 VaAcc: 0.9978 | 566.67s (3.7 img/s)
  Epoch   5/15 | TrLoss: 0.0012 TrAcc: 1.0000 | VaLoss: 0.0012 VaAcc: 1.0000 | 570.75s (3.7 img/s)
  Epoch   6/15 | TrLoss: 0.0022 TrAcc: 1.0000 | VaLoss: 0.0028 VaAcc: 1.0000 | 579.86s (3.6 img/s)
  Epoch   7/15 | TrLoss: 0.0157 TrAcc: 0.9948 | VaLoss: 0.0051 VaAcc: 0.9978 | 572.05s (3.7 img/s)
  Epoch   8/15 | TrLoss: 0.0101 TrAcc: 0.9971 | VaLoss: 0.0039 VaAcc: 0.9978 | 565.03s (3.7 img/s)
  Epoch   9/15 | TrLoss: 0.0014 TrAcc: 1.0000 | VaLoss: 0.0003 VaAcc: 1.0000 | 565.38s (3.7 img/s)
  Epoch  10/15 | TrLoss: 0.0004 TrAcc: 1.0000 | VaLoss: 0.0004 VaAcc: 1.0000 | 566.77s (3.7 img/s)
  Epoch  11/15 | TrLoss: 0.0004 TrAcc: 1.0000 | VaLoss: 0.0004 VaAcc: 1.0000 | 567.38s (3.7 img/s)
  Epoch  12/15 | TrLoss: 0.0002 TrAcc: 1.0000 | VaLoss: 0.0003 VaAcc: 1.0000 | 572.88s (3.7 img/s)
  Epoch  13/15 | TrLoss: 0.0013 TrAcc: 0.9995 | VaLoss: 0.0004 VaAcc: 1.0000 | 569.10s (3.7 img/s)
  Epoch  14/15 | TrLoss: 0.0003 TrAcc: 1.0000 | VaLoss: 0.0001 VaAcc: 1.0000 | 583.52s (3.6 img/s)
  Epoch  15/15 | TrLoss: 0.0008 TrAcc: 1.0000 | VaLoss: 0.0004 VaAcc: 1.0000 | 579.67s (3.6 img/s)

  TEST: Acc=0.9978 F1=0.9946 Prec=0.9989 Rec=0.9905 AUC=1.0000
  Confusion Matrix: [[113, 0, 0], [0, 305, 0], [0, 1, 34]]
  HPC: Time=8586.43s Throughput=3.67 img/s CPU_Util=49.3%

======================================================================
MODEL: resnet50 | THREADS: 112
======================================================================
  torch.num_threads   : 112
  OMP_NUM_THREADS     : 112
  DataLoader workers  : 0
  Dataset split : Train=2098, Val=449, Test=453
  Class weights : [0.6344494819641113, 0.23445101082324982, 2.1310994625091553]
  Num workers   : 0
  Epoch   1/15 | TrLoss: 0.3191 TrAcc: 0.9514 | VaLoss: 0.0353 VaAcc: 0.9933 | 631.07s (3.3 img/s)
  Epoch   2/15 | TrLoss: 0.0128 TrAcc: 0.9971 | VaLoss: 0.0131 VaAcc: 0.9978 | 609.37s (3.4 img/s)
  Epoch   3/15 | TrLoss: 0.0040 TrAcc: 0.9995 | VaLoss: 0.0012 VaAcc: 1.0000 | 612.01s (3.4 img/s)
  Epoch   4/15 | TrLoss: 0.0022 TrAcc: 1.0000 | VaLoss: 0.0009 VaAcc: 1.0000 | 611.11s (3.4 img/s)
  Epoch   5/15 | TrLoss: 0.0014 TrAcc: 1.0000 | VaLoss: 0.0008 VaAcc: 1.0000 | 610.26s (3.4 img/s)
  Epoch   6/15 | TrLoss: 0.0009 TrAcc: 1.0000 | VaLoss: 0.0004 VaAcc: 1.0000 | 597.98s (3.5 img/s)
  Epoch   7/15 | TrLoss: 0.0008 TrAcc: 1.0000 | VaLoss: 0.0005 VaAcc: 1.0000 | 596.42s (3.5 img/s)
  Epoch   8/15 | TrLoss: 0.0010 TrAcc: 1.0000 | VaLoss: 0.0002 VaAcc: 1.0000 | 610.34s (3.4 img/s)
  Epoch   9/15 | TrLoss: 0.0004 TrAcc: 1.0000 | VaLoss: 0.0002 VaAcc: 1.0000 | 636.29s (3.3 img/s)
  Epoch  10/15 | TrLoss: 0.0051 TrAcc: 0.9986 | VaLoss: 0.0071 VaAcc: 0.9978 | 614.68s (3.4 img/s)
  Epoch  11/15 | TrLoss: 0.0021 TrAcc: 0.9995 | VaLoss: 0.0008 VaAcc: 1.0000 | 624.97s (3.4 img/s)
  Epoch  12/15 | TrLoss: 0.0009 TrAcc: 1.0000 | VaLoss: 0.0010 VaAcc: 1.0000 | 623.15s (3.4 img/s)
  Epoch  13/15 | TrLoss: 0.0009 TrAcc: 0.9995 | VaLoss: 0.0003 VaAcc: 1.0000 | 636.54s (3.3 img/s)
  Epoch  14/15 | TrLoss: 0.0005 TrAcc: 1.0000 | VaLoss: 0.0002 VaAcc: 1.0000 | 627.92s (3.3 img/s)
  Epoch  15/15 | TrLoss: 0.0003 TrAcc: 1.0000 | VaLoss: 0.0001 VaAcc: 1.0000 | 623.21s (3.4 img/s)

  TEST: Acc=1.0000 F1=1.0000 Prec=1.0000 Rec=1.0000 AUC=1.0000
  Confusion Matrix: [[113, 0, 0], [0, 305, 0], [0, 0, 35]]
  HPC: Time=9265.43s Throughput=3.40 img/s CPU_Util=97.3%

Summary CSV saved to: /arf/scratch/oeyecioglu/CUDA_CNN/experiment_e/ExpE_run_20260323_202524/experiment_e_summary.csv

Plots saved to: /arf/scratch/oeyecioglu/CUDA_CNN/experiment_e/ExpE_run_20260323_202524/plots

======================================================================
EXPERIMENT E FINAL SUMMARY
======================================================================
Model       Threads    Time(s)  Speedup    Effic    Thruput     Acc      F1       fs
------------------------------------------------------------------------------------------
resnet50          1   13413.11    1.000   1.0000       2.35  1.0000  1.0000   0.0000
resnet50          2   11101.24    1.208   0.6041       2.83  1.0000  1.0000   0.6553
resnet50          4    9818.30    1.366   0.3415       3.21  1.0000  1.0000   0.6427
resnet50          7    9280.51    1.445   0.2065       3.39  1.0000  1.0000   0.6405
resnet50         14    8764.89    1.530   0.1093       3.59  1.0000  1.0000   0.6268
resnet50         28    8589.22    1.562   0.0558       3.66  1.0000  1.0000   0.6270
resnet50         56    8586.43    1.562   0.0279       3.67  0.9978  0.9946   0.6336
resnet50        112    9265.43    1.448   0.0129       3.40  1.0000  1.0000   0.6880

Experiment E completed at: 2026-03-24T18:31:01.953816
All results in: /arf/scratch/oeyecioglu/CUDA_CNN/experiment_e/ExpE_run_20260323_202524

============================================
Experiment E Orfoz P3 finished at: Tue Mar 24 06:31:19 PM +03 2026
============================================
