============================================
EXPERIMENT E — VGG19 T2, T4, T7
Job ID    : 5433538
Node      : orfoz354
CPUs      : 56
Start     : Thu Mar 26 11:51:33 PM +03 2026
============================================

Environment verification:
/arf/sw/apps/truba-ai/gpu/miniforge3-2024/envs/gpu-2024.0/bin/python
PyTorch: 2.1.0.post301, CUDA: False
Model name:                      Intel(R) Xeon(R) Platinum 8480+
Thread(s) per core:              1
Core(s) per socket:              56
Socket(s):                       2
NUMA node(s):                    8
NUMA node0 CPU(s):               0-13
NUMA node1 CPU(s):               14-27
NUMA node2 CPU(s):               28-41
NUMA node3 CPU(s):               42-55
NUMA node4 CPU(s):               56-69
NUMA node5 CPU(s):               70-83
NUMA node6 CPU(s):               84-97
NUMA node7 CPU(s):               98-111
Models  : vgg19
Threads : 2,4,7

Experiment E started at: 2026-03-26T23:52:29.054664
Output directory: /arf/scratch/oeyecioglu/CUDA_CNN/experiment_e/ExpE_run_20260326_235229
Log file: /arf/scratch/oeyecioglu/CUDA_CNN/experiment_e/experiment_e_20260326_235229.log

Device: CPU only (CUDA_VISIBLE_DEVICES disabled)
======================================================================
SYSTEM SPECIFICATIONS
======================================================================
Hostname        : orfoz354
Platform        : Linux-5.14.0-284.30.1.el9_2.x86_64-x86_64-with-glibc2.34
CPU             : x86_64
CPU cores       : 112
RAM             : 251.1 GB
CPU model       : Intel(R) Xeon(R) Platinum 8480+
  Core(s) per socket:              56
  Socket(s):                       2
  L1d cache:                       5.3 MiB (112 instances)
  L1i cache:                       3.5 MiB (112 instances)
  L2 cache:                        224 MiB (112 instances)
  L3 cache:                        210 MiB (2 instances)
  NUMA node(s):                    8
  NUMA node0 CPU(s):               0-13
  NUMA node1 CPU(s):               14-27
  NUMA node2 CPU(s):               28-41
  NUMA node3 CPU(s):               42-55
  NUMA node4 CPU(s):               56-69
  NUMA node5 CPU(s):               70-83
  NUMA node6 CPU(s):               84-97
  NUMA node7 CPU(s):               98-111
PyTorch version : 2.1.0.post301
CUDA available  : False
MKL available   : True
OpenMP available: True
======================================================================

Hyperparameters:
  num_classes: 3
  class_names: ['all_snow', 'no_snow', 'partial']
  image_size: 192
  batch_size: 32
  num_epochs: 15
  learning_rate: 0.0001
  weight_decay: 0.0001
  train_ratio: 0.7
  val_ratio: 0.15
  test_ratio: 0.15
  seed: 42
  thread_counts: [2, 4, 7]
  models: ['vgg19']

======================================================================
MODEL: vgg19 | THREADS: 2
======================================================================
  torch.num_threads   : 2
  OMP_NUM_THREADS     : 2
  DataLoader workers  : 0
  Dataset split : Train=2098, Val=449, Test=453
  Class weights : [0.6344494819641113, 0.23445101082324982, 2.1310994625091553]
  Num workers   : 0
  Epoch   1/15 | TrLoss: 0.2437 TrAcc: 0.9452 | VaLoss: 0.0074 VaAcc: 0.9978 | 1287.11s (1.6 img/s)
  Epoch   2/15 | TrLoss: 0.0324 TrAcc: 0.9890 | VaLoss: 0.0045 VaAcc: 0.9978 | 3789.17s (0.6 img/s)
  Epoch   3/15 | TrLoss: 0.0451 TrAcc: 0.9929 | VaLoss: 0.0064 VaAcc: 0.9978 | 5984.89s (0.4 img/s)
  Epoch   4/15 | TrLoss: 0.0544 TrAcc: 0.9886 | VaLoss: 0.0384 VaAcc: 0.9844 | 5741.64s (0.4 img/s)
  Epoch   5/15 | TrLoss: 0.0342 TrAcc: 0.9867 | VaLoss: 0.0041 VaAcc: 0.9978 | 4163.03s (0.5 img/s)
  Epoch   6/15 | TrLoss: 0.0107 TrAcc: 0.9967 | VaLoss: 0.0017 VaAcc: 0.9978 | 3282.00s (0.6 img/s)
  Epoch   7/15 | TrLoss: 0.0688 TrAcc: 0.9781 | VaLoss: 0.0268 VaAcc: 0.9978 | 3471.97s (0.6 img/s)
  Epoch   8/15 | TrLoss: 0.2400 TrAcc: 0.9743 | VaLoss: 0.3048 VaAcc: 0.8842 | 4090.72s (0.5 img/s)
  Epoch   9/15 | TrLoss: 0.1295 TrAcc: 0.9490 | VaLoss: 0.0233 VaAcc: 0.9866 | 2454.81s (0.9 img/s)
  Epoch  10/15 | TrLoss: 0.1446 TrAcc: 0.9666 | VaLoss: 0.0336 VaAcc: 0.9800 | 3660.80s (0.6 img/s)
  Epoch  11/15 | TrLoss: 0.0520 TrAcc: 0.9786 | VaLoss: 0.0570 VaAcc: 0.9800 | 3008.10s (0.7 img/s)
  Epoch  12/15 | TrLoss: 0.0311 TrAcc: 0.9847 | VaLoss: 0.0066 VaAcc: 0.9955 | 4700.92s (0.4 img/s)
  Epoch  13/15 | TrLoss: 0.0129 TrAcc: 0.9943 | VaLoss: 0.0017 VaAcc: 1.0000 | 4892.20s (0.4 img/s)
  Epoch  14/15 | TrLoss: 0.0044 TrAcc: 0.9981 | VaLoss: 0.0208 VaAcc: 0.9978 | 4777.44s (0.4 img/s)
  Epoch  15/15 | TrLoss: 0.0039 TrAcc: 0.9986 | VaLoss: 0.0189 VaAcc: 0.9933 | 4876.10s (0.4 img/s)

  TEST: Acc=1.0000 F1=1.0000 Prec=1.0000 Rec=1.0000 AUC=1.0000
  Confusion Matrix: [[113, 0, 0], [0, 305, 0], [0, 0, 35]]
  HPC: Time=60181.95s Throughput=0.52 img/s CPU_Util=16.3%

======================================================================
MODEL: vgg19 | THREADS: 4
======================================================================
  torch.num_threads   : 4
  OMP_NUM_THREADS     : 4
  DataLoader workers  : 0
  Dataset split : Train=2098, Val=449, Test=453
  Class weights : [0.6344494819641113, 0.23445101082324982, 2.1310994625091553]
  Num workers   : 0
  Epoch   1/15 | TrLoss: 0.2253 TrAcc: 0.9466 | VaLoss: 0.0085 VaAcc: 0.9978 | 814.46s (2.6 img/s)
  Epoch   2/15 | TrLoss: 0.0867 TrAcc: 0.9795 | VaLoss: 0.0181 VaAcc: 0.9955 | 1685.60s (1.2 img/s)
  Epoch   3/15 | TrLoss: 0.0607 TrAcc: 0.9805 | VaLoss: 0.0045 VaAcc: 1.0000 | 1550.98s (1.4 img/s)
  Epoch   4/15 | TrLoss: 0.0127 TrAcc: 0.9962 | VaLoss: 0.0004 VaAcc: 1.0000 | 2438.58s (0.9 img/s)
  Epoch   5/15 | TrLoss: 0.0003 TrAcc: 1.0000 | VaLoss: 0.0000 VaAcc: 1.0000 | 3219.55s (0.7 img/s)
  Epoch   6/15 | TrLoss: 0.0001 TrAcc: 1.0000 | VaLoss: 0.0000 VaAcc: 1.0000 | 3286.08s (0.6 img/s)
  Epoch   7/15 | TrLoss: 0.0000 TrAcc: 1.0000 | VaLoss: 0.0000 VaAcc: 1.0000 | 3116.79s (0.7 img/s)
  Epoch   8/15 | TrLoss: 0.0000 TrAcc: 1.0000 | VaLoss: 0.0000 VaAcc: 1.0000 | 3184.50s (0.7 img/s)
  Epoch   9/15 | TrLoss: 0.0000 TrAcc: 1.0000 | VaLoss: 0.0000 VaAcc: 1.0000 | 3101.87s (0.7 img/s)
  Epoch  10/15 | TrLoss: 0.0001 TrAcc: 1.0000 | VaLoss: 0.0001 VaAcc: 1.0000 | 3156.63s (0.7 img/s)
  Epoch  11/15 | TrLoss: 0.0000 TrAcc: 1.0000 | VaLoss: 0.0000 VaAcc: 1.0000 | 3169.41s (0.7 img/s)
  Epoch  12/15 | TrLoss: 0.0000 TrAcc: 1.0000 | VaLoss: 0.0000 VaAcc: 1.0000 | 3092.59s (0.7 img/s)
  Epoch  13/15 | TrLoss: 0.0000 TrAcc: 1.0000 | VaLoss: 0.0000 VaAcc: 1.0000 | 3175.52s (0.7 img/s)
  Epoch  14/15 | TrLoss: 0.0000 TrAcc: 1.0000 | VaLoss: 0.0000 VaAcc: 1.0000 | 3166.53s (0.7 img/s)
  Epoch  15/15 | TrLoss: 0.0000 TrAcc: 1.0000 | VaLoss: 0.0000 VaAcc: 1.0000 | 3140.09s (0.7 img/s)

  TEST: Acc=1.0000 F1=1.0000 Prec=1.0000 Rec=1.0000 AUC=1.0000
  Confusion Matrix: [[113, 0, 0], [0, 305, 0], [0, 0, 35]]
  HPC: Time=41299.64s Throughput=0.76 img/s CPU_Util=18.4%

======================================================================
MODEL: vgg19 | THREADS: 7
======================================================================
  torch.num_threads   : 7
  OMP_NUM_THREADS     : 7
  DataLoader workers  : 0
  Dataset split : Train=2098, Val=449, Test=453
  Class weights : [0.6344494819641113, 0.23445101082324982, 2.1310994625091553]
  Num workers   : 0
  Epoch   1/15 | TrLoss: 0.2489 TrAcc: 0.9447 | VaLoss: 0.0054 VaAcc: 0.9978 | 662.06s (3.2 img/s)
  Epoch   2/15 | TrLoss: 0.0954 TrAcc: 0.9852 | VaLoss: 0.3003 VaAcc: 0.9666 | 1229.23s (1.7 img/s)
  Epoch   3/15 | TrLoss: 0.0604 TrAcc: 0.9867 | VaLoss: 0.0001 VaAcc: 1.0000 | 1938.58s (1.1 img/s)
  Epoch   4/15 | TrLoss: 0.0236 TrAcc: 0.9967 | VaLoss: 0.0055 VaAcc: 0.9978 | 1975.29s (1.1 img/s)
  Epoch   5/15 | TrLoss: 0.0582 TrAcc: 0.9876 | VaLoss: 0.1466 VaAcc: 0.9332 | 1452.67s (1.4 img/s)
  Epoch   6/15 | TrLoss: 0.3480 TrAcc: 0.9018 | VaLoss: 0.7244 VaAcc: 0.7528 | 945.03s (2.2 img/s)
  Epoch   7/15 | TrLoss: 0.1094 TrAcc: 0.9676 | VaLoss: 0.0089 VaAcc: 0.9978 | 983.94s (2.1 img/s)
  Epoch   8/15 | TrLoss: 0.0286 TrAcc: 0.9924 | VaLoss: 0.0048 VaAcc: 0.9955 | 1091.13s (1.9 img/s)
  Epoch   9/15 | TrLoss: 0.0005 TrAcc: 1.0000 | VaLoss: 0.0004 VaAcc: 1.0000 | 1650.20s (1.3 img/s)
  Epoch  10/15 | TrLoss: 0.0005 TrAcc: 1.0000 | VaLoss: 0.0005 VaAcc: 1.0000 | 1840.76s (1.1 img/s)
  Early stopping at epoch 10 (no val_loss improvement for 7 epochs)

  TEST: Acc=0.9978 F1=0.9946 Prec=0.9989 Rec=0.9905 AUC=1.0000
  Confusion Matrix: [[113, 0, 0], [0, 305, 0], [0, 1, 34]]
  HPC: Time=13768.95s Throughput=1.52 img/s CPU_Util=6.3%

Summary CSV saved to: /arf/scratch/oeyecioglu/CUDA_CNN/experiment_e/ExpE_run_20260326_235229/experiment_e_summary.csv

Plots saved to: /arf/scratch/oeyecioglu/CUDA_CNN/experiment_e/ExpE_run_20260326_235229/plots

======================================================================
EXPERIMENT E FINAL SUMMARY
======================================================================
Model       Threads    Time(s)  Speedup    Effic    Thruput     Acc      F1       fs
------------------------------------------------------------------------------------------
vgg19             2   60181.95    0.000   0.0000       0.52  1.0000  1.0000   0.0000
vgg19             4   41299.64    0.000   0.0000       0.76  1.0000  1.0000   0.0000
vgg19             7   13768.95    0.000   0.0000       1.52  0.9978  0.9946   0.0000

Experiment E completed at: 2026-03-28T07:55:58.041983
All results in: /arf/scratch/oeyecioglu/CUDA_CNN/experiment_e/ExpE_run_20260326_235229

============================================
Experiment E VGG19 T2,T4,T7 finished at: Sat Mar 28 07:56:15 AM +03 2026
============================================
