============================================
EXPERIMENT E Orfoz P2/3 — VGG19 T7,T14,T28,T56,T112
Job ID    : 5420294
Node      : orfoz308
CPUs      : 112
Start     : Mon Mar 23 08:24:41 PM +03 2026
============================================

Environment verification:
/arf/sw/apps/truba-ai/gpu/miniforge3-2024/envs/gpu-2024.0/bin/python
PyTorch: 2.1.0.post301, CUDA: False
Model name:                      Intel(R) Xeon(R) Platinum 8480+
Thread(s) per core:              1
Core(s) per socket:              56
Socket(s):                       2
NUMA node(s):                    8
NUMA node0 CPU(s):               0-13
NUMA node1 CPU(s):               14-27
NUMA node2 CPU(s):               28-41
NUMA node3 CPU(s):               42-55
NUMA node4 CPU(s):               56-69
NUMA node5 CPU(s):               70-83
NUMA node6 CPU(s):               84-97
NUMA node7 CPU(s):               98-111
Models  : vgg19
Threads : 7,14,28,56,112

Experiment E started at: 2026-03-23T20:25:24.138140
Output directory: /arf/scratch/oeyecioglu/CUDA_CNN/experiment_e/ExpE_run_20260323_202524
Log file: /arf/scratch/oeyecioglu/CUDA_CNN/experiment_e/experiment_e_20260323_202524.log

Device: CPU only (CUDA_VISIBLE_DEVICES disabled)
======================================================================
SYSTEM SPECIFICATIONS
======================================================================
Hostname        : orfoz308
Platform        : Linux-5.14.0-284.30.1.el9_2.x86_64-x86_64-with-glibc2.34
CPU             : x86_64
CPU cores       : 112
RAM             : 251.1 GB
CPU model       : Intel(R) Xeon(R) Platinum 8480+
  Core(s) per socket:              56
  Socket(s):                       2
  L1d cache:                       5.3 MiB (112 instances)
  L1i cache:                       3.5 MiB (112 instances)
  L2 cache:                        224 MiB (112 instances)
  L3 cache:                        210 MiB (2 instances)
  NUMA node(s):                    8
  NUMA node0 CPU(s):               0-13
  NUMA node1 CPU(s):               14-27
  NUMA node2 CPU(s):               28-41
  NUMA node3 CPU(s):               42-55
  NUMA node4 CPU(s):               56-69
  NUMA node5 CPU(s):               70-83
  NUMA node6 CPU(s):               84-97
  NUMA node7 CPU(s):               98-111
PyTorch version : 2.1.0.post301
CUDA available  : False
MKL available   : True
OpenMP available: True
======================================================================

Hyperparameters:
  num_classes: 3
  class_names: ['all_snow', 'no_snow', 'partial']
  image_size: 192
  batch_size: 32
  num_epochs: 15
  learning_rate: 0.0001
  weight_decay: 0.0001
  train_ratio: 0.7
  val_ratio: 0.15
  test_ratio: 0.15
  seed: 42
  thread_counts: [7, 14, 28, 56, 112]
  models: ['vgg19']

======================================================================
MODEL: vgg19 | THREADS: 7
======================================================================
  torch.num_threads   : 7
  OMP_NUM_THREADS     : 7
  DataLoader workers  : 0
  Dataset split : Train=2098, Val=449, Test=453
  Class weights : [0.6344494819641113, 0.23445101082324982, 2.1310994625091553]
  Num workers   : 0
  Epoch   1/15 | TrLoss: 0.2489 TrAcc: 0.9447 | VaLoss: 0.0054 VaAcc: 0.9978 | 575.67s (3.6 img/s)
  Epoch   2/15 | TrLoss: 0.0954 TrAcc: 0.9852 | VaLoss: 0.3003 VaAcc: 0.9666 | 1139.79s (1.8 img/s)
  Epoch   3/15 | TrLoss: 0.0604 TrAcc: 0.9867 | VaLoss: 0.0001 VaAcc: 1.0000 | 1847.09s (1.1 img/s)
  Epoch   4/15 | TrLoss: 0.0236 TrAcc: 0.9967 | VaLoss: 0.0055 VaAcc: 0.9978 | 1883.90s (1.1 img/s)
  Epoch   5/15 | TrLoss: 0.0582 TrAcc: 0.9876 | VaLoss: 0.1466 VaAcc: 0.9332 | 1359.42s (1.5 img/s)
  Epoch   6/15 | TrLoss: 0.3480 TrAcc: 0.9018 | VaLoss: 0.7244 VaAcc: 0.7528 | 854.94s (2.5 img/s)
  Epoch   7/15 | TrLoss: 0.1094 TrAcc: 0.9676 | VaLoss: 0.0089 VaAcc: 0.9978 | 895.58s (2.3 img/s)
  Epoch   8/15 | TrLoss: 0.0286 TrAcc: 0.9924 | VaLoss: 0.0048 VaAcc: 0.9955 | 996.48s (2.1 img/s)
  Epoch   9/15 | TrLoss: 0.0005 TrAcc: 1.0000 | VaLoss: 0.0004 VaAcc: 1.0000 | 1552.52s (1.4 img/s)
  Epoch  10/15 | TrLoss: 0.0005 TrAcc: 1.0000 | VaLoss: 0.0005 VaAcc: 1.0000 | 1745.16s (1.2 img/s)
  Early stopping at epoch 10 (no val_loss improvement for 7 epochs)

  TEST: Acc=0.9978 F1=0.9946 Prec=0.9989 Rec=0.9905 AUC=1.0000
  Confusion Matrix: [[113, 0, 0], [0, 305, 0], [0, 1, 34]]
  HPC: Time=12850.63s Throughput=1.63 img/s CPU_Util=6.8%

======================================================================
MODEL: vgg19 | THREADS: 14
======================================================================
  torch.num_threads   : 14
  OMP_NUM_THREADS     : 14
  DataLoader workers  : 0
  Dataset split : Train=2098, Val=449, Test=453
  Class weights : [0.6344494819641113, 0.23445101082324982, 2.1310994625091553]
  Num workers   : 0
  Epoch   1/15 | TrLoss: 0.2461 TrAcc: 0.9361 | VaLoss: 0.0113 VaAcc: 0.9978 | 413.98s (5.1 img/s)
  Epoch   2/15 | TrLoss: 0.0052 TrAcc: 0.9981 | VaLoss: 0.0101 VaAcc: 0.9978 | 771.16s (2.7 img/s)
  Epoch   3/15 | TrLoss: 0.0014 TrAcc: 0.9990 | VaLoss: 0.0061 VaAcc: 0.9978 | 804.71s (2.6 img/s)
  Epoch   4/15 | TrLoss: 0.0008 TrAcc: 0.9995 | VaLoss: 0.0458 VaAcc: 0.9955 | 1083.54s (1.9 img/s)
  Epoch   5/15 | TrLoss: 0.0003 TrAcc: 1.0000 | VaLoss: 0.0000 VaAcc: 1.0000 | 1081.96s (1.9 img/s)
  Epoch   6/15 | TrLoss: 0.0000 TrAcc: 1.0000 | VaLoss: 0.0000 VaAcc: 1.0000 | 1384.32s (1.5 img/s)
  Epoch   7/15 | TrLoss: 0.0000 TrAcc: 1.0000 | VaLoss: 0.0000 VaAcc: 1.0000 | 1364.24s (1.5 img/s)
  Epoch   8/15 | TrLoss: 0.0000 TrAcc: 1.0000 | VaLoss: 0.0000 VaAcc: 1.0000 | 1350.88s (1.6 img/s)
  Epoch   9/15 | TrLoss: 0.0000 TrAcc: 1.0000 | VaLoss: 0.0000 VaAcc: 1.0000 | 1403.69s (1.5 img/s)
  Epoch  10/15 | TrLoss: 0.0000 TrAcc: 1.0000 | VaLoss: 0.0000 VaAcc: 1.0000 | 1374.84s (1.5 img/s)
  Epoch  11/15 | TrLoss: 0.0000 TrAcc: 1.0000 | VaLoss: 0.0000 VaAcc: 1.0000 | 1306.63s (1.6 img/s)
  Epoch  12/15 | TrLoss: 0.0000 TrAcc: 1.0000 | VaLoss: 0.0000 VaAcc: 1.0000 | 1254.21s (1.7 img/s)
  Epoch  13/15 | TrLoss: 0.0000 TrAcc: 1.0000 | VaLoss: 0.0000 VaAcc: 1.0000 | 1183.23s (1.8 img/s)
  Epoch  14/15 | TrLoss: 0.0000 TrAcc: 1.0000 | VaLoss: 0.0000 VaAcc: 1.0000 | 1318.74s (1.6 img/s)
  Epoch  15/15 | TrLoss: 0.0000 TrAcc: 1.0000 | VaLoss: 0.0000 VaAcc: 1.0000 | 1371.08s (1.5 img/s)
  Early stopping at epoch 15 (no val_loss improvement for 7 epochs)

  TEST: Acc=1.0000 F1=1.0000 Prec=1.0000 Rec=1.0000 AUC=1.0000
  Confusion Matrix: [[113, 0, 0], [0, 305, 0], [0, 0, 35]]
  HPC: Time=17467.31s Throughput=1.80 img/s CPU_Util=13.0%

======================================================================
MODEL: vgg19 | THREADS: 28
======================================================================
  torch.num_threads   : 28
  OMP_NUM_THREADS     : 28
  DataLoader workers  : 0
  Dataset split : Train=2098, Val=449, Test=453
  Class weights : [0.6344494819641113, 0.23445101082324982, 2.1310994625091553]
  Num workers   : 0
  Epoch   1/15 | TrLoss: 0.2989 TrAcc: 0.9385 | VaLoss: 0.0376 VaAcc: 0.9844 | 359.09s (5.8 img/s)
  Epoch   2/15 | TrLoss: 0.0066 TrAcc: 0.9981 | VaLoss: 0.0000 VaAcc: 1.0000 | 719.12s (2.9 img/s)
  Epoch   3/15 | TrLoss: 0.0004 TrAcc: 1.0000 | VaLoss: 0.0001 VaAcc: 1.0000 | 861.44s (2.4 img/s)
  Epoch   4/15 | TrLoss: 0.0801 TrAcc: 0.9843 | VaLoss: 0.0386 VaAcc: 0.9911 | 644.19s (3.3 img/s)
  Epoch   5/15 | TrLoss: 0.1894 TrAcc: 0.9600 | VaLoss: 0.0031 VaAcc: 0.9978 | 422.80s (5.0 img/s)
  Epoch   6/15 | TrLoss: 0.1415 TrAcc: 0.9771 | VaLoss: 0.1241 VaAcc: 0.9577 | 528.50s (4.0 img/s)
  Epoch   7/15 | TrLoss: 0.1043 TrAcc: 0.9805 | VaLoss: 0.0338 VaAcc: 0.9955 | 539.01s (3.9 img/s)
  Epoch   8/15 | TrLoss: 0.0544 TrAcc: 0.9833 | VaLoss: 0.0029 VaAcc: 1.0000 | 611.56s (3.4 img/s)
  Epoch   9/15 | TrLoss: 0.0015 TrAcc: 0.9990 | VaLoss: 0.0001 VaAcc: 1.0000 | 845.21s (2.5 img/s)
  Early stopping at epoch 9 (no val_loss improvement for 7 epochs)

  TEST: Acc=0.9978 F1=0.9946 Prec=0.9989 Rec=0.9905 AUC=1.0000
  Confusion Matrix: [[113, 0, 0], [0, 305, 0], [0, 1, 34]]
  HPC: Time=5530.96s Throughput=3.41 img/s CPU_Util=26.0%

======================================================================
MODEL: vgg19 | THREADS: 56
======================================================================
  torch.num_threads   : 56
  OMP_NUM_THREADS     : 56
  DataLoader workers  : 0
  Dataset split : Train=2098, Val=449, Test=453
  Class weights : [0.6344494819641113, 0.23445101082324982, 2.1310994625091553]
  Num workers   : 0
  Epoch   1/15 | TrLoss: 0.2818 TrAcc: 0.9366 | VaLoss: 0.0048 VaAcc: 1.0000 | 336.57s (6.2 img/s)
  Epoch   2/15 | TrLoss: 0.0752 TrAcc: 0.9876 | VaLoss: 0.0005 VaAcc: 1.0000 | 353.21s (5.9 img/s)
  Epoch   3/15 | TrLoss: 0.0182 TrAcc: 0.9976 | VaLoss: 0.0571 VaAcc: 0.9933 | 487.71s (4.3 img/s)
  Epoch   4/15 | TrLoss: 0.1045 TrAcc: 0.9695 | VaLoss: 0.0116 VaAcc: 0.9955 | 331.32s (6.3 img/s)
  Epoch   5/15 | TrLoss: 0.0017 TrAcc: 0.9995 | VaLoss: 0.0000 VaAcc: 1.0000 | 322.26s (6.5 img/s)
  Epoch   6/15 | TrLoss: 0.0002 TrAcc: 1.0000 | VaLoss: 0.0000 VaAcc: 1.0000 | 362.83s (5.8 img/s)
  Epoch   7/15 | TrLoss: 0.0002 TrAcc: 0.9995 | VaLoss: 0.0000 VaAcc: 1.0000 | 364.47s (5.8 img/s)
  Epoch   8/15 | TrLoss: 0.0768 TrAcc: 0.9828 | VaLoss: 0.5755 VaAcc: 0.7483 | 447.68s (4.7 img/s)
  Epoch   9/15 | TrLoss: 0.9367 TrAcc: 0.6687 | VaLoss: 0.3787 VaAcc: 0.8352 | 327.69s (6.4 img/s)
  Epoch  10/15 | TrLoss: 0.3463 TrAcc: 0.9190 | VaLoss: 0.6552 VaAcc: 0.7728 | 325.15s (6.5 img/s)
  Epoch  11/15 | TrLoss: 0.1449 TrAcc: 0.9423 | VaLoss: 0.0449 VaAcc: 0.9844 | 325.81s (6.4 img/s)
  Epoch  12/15 | TrLoss: 0.0726 TrAcc: 0.9685 | VaLoss: 0.0359 VaAcc: 0.9844 | 325.89s (6.4 img/s)
  Epoch  13/15 | TrLoss: 0.0154 TrAcc: 0.9948 | VaLoss: 0.0125 VaAcc: 0.9955 | 326.51s (6.4 img/s)
  Early stopping at epoch 13 (no val_loss improvement for 7 epochs)

  TEST: Acc=1.0000 F1=1.0000 Prec=1.0000 Rec=1.0000 AUC=1.0000
  Confusion Matrix: [[113, 0, 0], [0, 305, 0], [0, 0, 35]]
  HPC: Time=4637.15s Throughput=5.88 img/s CPU_Util=51.6%

======================================================================
MODEL: vgg19 | THREADS: 112
======================================================================
  torch.num_threads   : 112
  OMP_NUM_THREADS     : 112
  DataLoader workers  : 0
  Dataset split : Train=2098, Val=449, Test=453
  Class weights : [0.6344494819641113, 0.23445101082324982, 2.1310994625091553]
  Num workers   : 0
  Epoch   1/15 | TrLoss: 0.2248 TrAcc: 0.9471 | VaLoss: 0.0315 VaAcc: 0.9933 | 396.40s (5.3 img/s)
  Epoch   2/15 | TrLoss: 0.0680 TrAcc: 0.9847 | VaLoss: 0.1627 VaAcc: 0.9822 | 421.63s (5.0 img/s)
  Epoch   3/15 | TrLoss: 0.0493 TrAcc: 0.9862 | VaLoss: 0.0092 VaAcc: 0.9978 | 466.34s (4.5 img/s)
  Epoch   4/15 | TrLoss: 0.0026 TrAcc: 0.9990 | VaLoss: 0.0001 VaAcc: 1.0000 | 551.21s (3.8 img/s)
  Epoch   5/15 | TrLoss: 0.0007 TrAcc: 1.0000 | VaLoss: 0.0261 VaAcc: 0.9978 | 576.48s (3.6 img/s)
  Epoch   6/15 | TrLoss: 0.0007 TrAcc: 0.9995 | VaLoss: 0.0000 VaAcc: 1.0000 | 583.87s (3.6 img/s)
  Epoch   7/15 | TrLoss: 0.0001 TrAcc: 1.0000 | VaLoss: 0.0009 VaAcc: 1.0000 | 564.78s (3.7 img/s)
  Epoch   8/15 | TrLoss: 0.0000 TrAcc: 1.0000 | VaLoss: 0.0014 VaAcc: 1.0000 | 601.31s (3.5 img/s)
  Epoch   9/15 | TrLoss: 0.0000 TrAcc: 1.0000 | VaLoss: 0.0016 VaAcc: 0.9978 | 600.52s (3.5 img/s)
  Epoch  10/15 | TrLoss: 0.0000 TrAcc: 1.0000 | VaLoss: 0.0018 VaAcc: 0.9978 | 615.01s (3.4 img/s)
  Epoch  11/15 | TrLoss: 0.0000 TrAcc: 1.0000 | VaLoss: 0.0020 VaAcc: 0.9978 | 590.36s (3.6 img/s)
  Epoch  12/15 | TrLoss: 0.0000 TrAcc: 1.0000 | VaLoss: 0.0023 VaAcc: 0.9978 | 610.43s (3.4 img/s)
  Epoch  13/15 | TrLoss: 0.0000 TrAcc: 1.0000 | VaLoss: 0.0028 VaAcc: 0.9978 | 639.92s (3.3 img/s)
  Early stopping at epoch 13 (no val_loss improvement for 7 epochs)

  TEST: Acc=1.0000 F1=1.0000 Prec=1.0000 Rec=1.0000 AUC=1.0000
  Confusion Matrix: [[113, 0, 0], [0, 305, 0], [0, 0, 35]]
  HPC: Time=7218.34s Throughput=3.78 img/s CPU_Util=97.2%

Summary CSV saved to: /arf/scratch/oeyecioglu/CUDA_CNN/experiment_e/ExpE_run_20260323_202524/experiment_e_summary.csv

Plots saved to: /arf/scratch/oeyecioglu/CUDA_CNN/experiment_e/ExpE_run_20260323_202524/plots

======================================================================
EXPERIMENT E FINAL SUMMARY
======================================================================
Model       Threads    Time(s)  Speedup    Effic    Thruput     Acc      F1       fs
------------------------------------------------------------------------------------------
vgg19             7   12850.63    0.000   0.0000       1.63  0.9978  0.9946   0.0000
vgg19            14   17467.31    0.000   0.0000       1.80  1.0000  1.0000   0.0000
vgg19            28    5530.96    0.000   0.0000       3.41  0.9978  0.9946   0.0000
vgg19            56    4637.15    0.000   0.0000       5.88  1.0000  1.0000   0.0000
vgg19           112    7218.34    0.000   0.0000       3.78  1.0000  1.0000   0.0000

Experiment E completed at: 2026-03-24T09:42:35.708804
All results in: /arf/scratch/oeyecioglu/CUDA_CNN/experiment_e/ExpE_run_20260323_202524

============================================
Experiment E Orfoz P2 finished at: Tue Mar 24 09:42:53 AM +03 2026
============================================
